c:\users\jmlove\documents\visual studio 2010\projects\parasitology\parasitology\debug\main.obj
c:\users\jmlove\documents\visual studio 2010\projects\parasitology\parasitology\debug\vc100.pdb
c:\users\jmlove\documents\visual studio 2010\projects\parasitology\parasitology\debug\functions.obj
c:\users\jmlove\documents\visual studio 2010\projects\parasitology\debug\parasitology.ilk
c:\users\jmlove\documents\visual studio 2010\projects\parasitology\debug\parasitology.exe
c:\users\jmlove\documents\visual studio 2010\projects\parasitology\parasitology\debug\parasitology.exe.intermediate.manifest
c:\users\jmlove\documents\visual studio 2010\projects\parasitology\debug\parasitology.pdb
c:\users\jmlove\documents\visual studio 2010\projects\parasitology\parasitology\debug\vc140.pdb
c:\users\jmlove\documents\visual studio 2010\projects\parasitology\parasitology\debug\vc140.idb
c:\users\jmlove\documents\visual studio 2010\projects\parasitology\parasitology\debug\parasitology.vcxprojresolveassemblyreference.cache
c:\users\jmlove\documents\visual studio 2010\projects\parasitology\parasitology\debug\cl.command.1.tlog
c:\users\jmlove\documents\visual studio 2010\projects\parasitology\parasitology\debug\cl.read.1.tlog
c:\users\jmlove\documents\visual studio 2010\projects\parasitology\parasitology\debug\cl.write.1.tlog
c:\users\jmlove\documents\visual studio 2010\projects\parasitology\parasitology\debug\link.command.1.tlog
c:\users\jmlove\documents\visual studio 2010\projects\parasitology\parasitology\debug\link.read.1.tlog
c:\users\jmlove\documents\visual studio 2010\projects\parasitology\parasitology\debug\link.write.1.tlog
c:\users\jmlove\documents\visual studio 2010\projects\parasitology\parasitology\debug\mt.command.1.tlog
c:\users\jmlove\documents\visual studio 2010\projects\parasitology\parasitology\debug\mt.read.1.tlog
c:\users\jmlove\documents\visual studio 2010\projects\parasitology\parasitology\debug\mt.write.1.tlog
c:\users\jmlove\documents\visual studio 2010\projects\parasitology\parasitology\debug\parasitology.write.1.tlog
c:\users\jmlove\documents\visual studio 2010\projects\parasitology\parasitology\debug\vc100.idb
c:\users\jmlove\documents\visual studio 2010\projects\parasitology\parasitology\debug\parasitology.tlog\cl.command.1.tlog
c:\users\jmlove\documents\visual studio 2010\projects\parasitology\parasitology\debug\parasitology.tlog\cl.read.1.tlog
c:\users\jmlove\documents\visual studio 2010\projects\parasitology\parasitology\debug\parasitology.tlog\cl.write.1.tlog
c:\users\jmlove\documents\visual studio 2010\projects\parasitology\parasitology\debug\parasitology.tlog\link-cvtres.read.1.tlog
c:\users\jmlove\documents\visual studio 2010\projects\parasitology\parasitology\debug\parasitology.tlog\link-cvtres.write.1.tlog
c:\users\jmlove\documents\visual studio 2010\projects\parasitology\parasitology\debug\parasitology.tlog\link-rc.read.1.tlog
c:\users\jmlove\documents\visual studio 2010\projects\parasitology\parasitology\debug\parasitology.tlog\link-rc.write.1.tlog
c:\users\jmlove\documents\visual studio 2010\projects\parasitology\parasitology\debug\parasitology.tlog\link.command.1.tlog
c:\users\jmlove\documents\visual studio 2010\projects\parasitology\parasitology\debug\parasitology.tlog\link.read.1.tlog
c:\users\jmlove\documents\visual studio 2010\projects\parasitology\parasitology\debug\parasitology.tlog\link.write.1.tlog
