Build started 5/1/2015 3:02:41 PM.
     1>Project "C:\Users\jmlove\Documents\Visual Studio 2010\Projects\parasitology\parasitology\parasitology.vcxproj" on node 2 (build target(s)).
     1>InitializeBuildStatus:
         Creating "Debug\parasitology.unsuccessfulbuild" because "AlwaysCreate" was specified.
       ClCompile:
         c:\Program Files\Microsoft Visual Studio 10.0\VC\bin\CL.exe /c /ZI /nologo /W3 /WX- /Od /Oy- /D _MBCS /Gm /EHsc /RTC1 /MDd /GS /fp:precise /Zc:wchar_t /Zc:forScope /Fo"Debug\\" /Fd"Debug\vc100.pdb" /Gd /TP /analyze- /errorReport:prompt ..\main.cpp
         main.cpp
       Link:
         c:\Program Files\Microsoft Visual Studio 10.0\VC\bin\link.exe /ERRORREPORT:PROMPT /OUT:"C:\Users\jmlove\Documents\Visual Studio 2010\Projects\parasitology\Debug\parasitology.exe" /NOLOGO kernel32.lib user32.lib gdi32.lib winspool.lib comdlg32.lib advapi32.lib shell32.lib ole32.lib oleaut32.lib uuid.lib odbc32.lib odbccp32.lib /MANIFEST /ManifestFile:"Debug\parasitology.exe.intermediate.manifest" /MANIFESTUAC:"level='asInvoker' uiAccess='false'" /DEBUG /PDB:"C:\Users\jmlove\Documents\Visual Studio 2010\Projects\parasitology\Debug\parasitology.pdb" /TLBID:1 /DYNAMICBASE /NXCOMPAT /IMPLIB:"C:\Users\jmlove\Documents\Visual Studio 2010\Projects\parasitology\Debug\parasitology.lib" /MACHINE:X86 Debug\functions.obj
         Debug\main.obj
         LINK : C:\Users\jmlove\Documents\Visual Studio 2010\Projects\parasitology\Debug\parasitology.exe not found or not built by the last incremental link; performing full link
         parasitology.vcxproj -> C:\Users\jmlove\Documents\Visual Studio 2010\Projects\parasitology\Debug\parasitology.exe
       Manifest:
         C:\Program Files\Microsoft SDKs\Windows\v7.0A\bin\mt.exe /nologo /verbose /outputresource:"C:\Users\jmlove\Documents\Visual Studio 2010\Projects\parasitology\Debug\parasitology.exe;#1" /manifest Debug\parasitology.exe.intermediate.manifest
       FinalizeBuildStatus:
         Deleting file "Debug\parasitology.unsuccessfulbuild".
         Touching "Debug\parasitology.lastbuildstate".
     1>Done Building Project "C:\Users\jmlove\Documents\Visual Studio 2010\Projects\parasitology\parasitology\parasitology.vcxproj" (build target(s)).

Build succeeded.

Time Elapsed 00:00:00.85
